<?xml version="1.0" encoding="UTF-8"?>
<testng-results skipped="0" failed="0" ignored="0" total="1" passed="1">
  <reporter-output>
    <line>
      <![CDATA[CreateCustomer]]>
    </line>
  </reporter-output>
  <suite name="Default suite" duration-ms="116" started-at="2020-10-31T03:51:44Z" finished-at="2020-10-31T03:51:44Z">
    <groups>
    </groups>
    <test name="Default test" duration-ms="116" started-at="2020-10-31T03:51:44Z" finished-at="2020-10-31T03:51:44Z">
      <class name="com.actitime.test.CustomerModule">
        <test-method status="PASS" signature="testCreateCustomer()[pri:0, instance:com.actitime.test.CustomerModule@4b9e13df]" name="testCreateCustomer" duration-ms="23" started-at="2020-10-31T03:51:44Z" finished-at="2020-10-31T03:51:44Z">
          <reporter-output>
            <line>
              <![CDATA[CreateCustomer]]>
            </line>
          </reporter-output>
        </test-method> <!-- testCreateCustomer -->
      </class> <!-- com.actitime.test.CustomerModule -->
    </test> <!-- Default test -->
  </suite> <!-- Default suite -->
</testng-results>
